<?xml version="1.0" encoding="UTF-8"?>
<!-- Generated by org.testng.reporters.JUnitReportReporter -->
<testsuite hostname="BikramKesharis-Mac-mini.local" failures="0" tests="1" name="com.akhilsystem_release.test.registresion_workflow.RegistresiopnWorkflow" time="0.022" errors="0" timestamp="2024-03-15T17:03:49 IST" skipped="0">
  <testcase classname="com.akhilsystem_release.test.registresion_workflow.RegistresiopnWorkflow" name="openAppointment" time="0.022"/>
  <system-out/>
</testsuite> <!-- com.akhilsystem_release.test.registresion_workflow.RegistresiopnWorkflow -->
